<?xml version="1.0" encoding="UTF-8"?>
<robot generator="Robot 6.1.1 (Python 3.12.0 on win32)" generated="20240108 22:59:09.515" rpa="false" schemaversion="4">
<suite id="s1" name="Open App" source="C:\Users\khali\Desktop\warsztaty\rbtfw-practice\processes\open_app.robot">
<test id="s1-t1" name="Open Calculator" line="8">
<kw name="Launch Application" library="FlaUILibrary">
<arg>${CALCULATOR_APP}</arg>
<doc>Launches an application.</doc>
<status status="PASS" starttime="20240108 22:59:10.412" endtime="20240108 22:59:10.595"/>
</kw>
<status status="PASS" starttime="20240108 22:59:10.411" endtime="20240108 22:59:10.596"/>
</test>
<status status="PASS" starttime="20240108 22:59:09.517" endtime="20240108 22:59:10.598"/>
</suite>
<statistics>
<total>
<stat pass="1" fail="0" skip="0">All Tests</stat>
</total>
<tag>
</tag>
<suite>
<stat pass="1" fail="0" skip="0" id="s1" name="Open App">Open App</stat>
</suite>
</statistics>
<errors>
</errors>
</robot>
